BEGIN -> -1
; -> -1
var -> -1
a -> 0
: -> -1
int -> -1
; -> -1
var -> -1
i -> 1
: -> -1
int -> -1
; -> -1
ConsoleRead -> -1
( -> -1
a -> 0
) -> -1
; -> -1
i -> 1
= -> -1
2 -> 2
; -> -1
while -> -1
( -> -1
i -> 1
<= -> -1
a -> 0
) -> -1
{ -> -1
if -> -1
( -> -1
a -> 0
% -> -1
i -> 1
== -> -1
0 -> 3
) -> -1
{ -> -1
ConsoleWrite -> -1
( -> -1
" -> -1
" -> -1
NotPrime -> 4
) -> -1
; -> -1
END -> -1
; -> -1
} -> -1
} -> -1
ConsoleWrite -> -1
( -> -1
" -> -1
" -> -1
Prime -> 5
) -> -1
; -> -1
END -> -1
; -> -1
